<?xml version="1.0" encoding="UTF-8"?>
<testsuite name="com.ata1635.cardgame.core.DeckTest" tests="1" skipped="0" failures="0" errors="0" timestamp="2025-10-08T08:58:59" hostname="ata-ThinkPad-E495" time="0.07">
  <properties/>
  <testcase name="Deck has 52 cards" classname="com.ata1635.cardgame.core.DeckTest" time="0.07"/>
  <system-out><![CDATA[]]></system-out>
  <system-err><![CDATA[]]></system-err>
</testsuite>
