<?xml version="1.0" encoding="UTF-8"?>
<testsuite name="com.ata1635.cardgame.core.CardTest$CardValueTest" tests="2" skipped="0" failures="0" errors="0" timestamp="2025-10-08T07:16:54" hostname="ata-ThinkPad-E495" time="0.011">
  <properties/>
  <testcase name="Value is 11 when card is Ace" classname="com.ata1635.cardgame.core.CardTest$CardValueTest" time="0.006"/>
  <testcase name="Value is 10 when card is Jack, Queen or King" classname="com.ata1635.cardgame.core.CardTest$CardValueTest" time="0.002"/>
  <system-out><![CDATA[]]></system-out>
  <system-err><![CDATA[]]></system-err>
</testsuite>
