<?xml version="1.0" encoding="UTF-8"?>
<testsuite name="com.ata1635.scoundrel.model.CardTest" tests="1" skipped="0" failures="0" errors="0" timestamp="2025-10-08T06:43:53" hostname="ata-ThinkPad-E495" time="0.078">
  <properties/>
  <testcase name="Is image path to Five of Clubs correct?" classname="com.ata1635.scoundrel.model.CardTest" time="0.078"/>
  <system-out><![CDATA[]]></system-out>
  <system-err><![CDATA[]]></system-err>
</testsuite>
