<?xml version="1.0" encoding="UTF-8"?>
<testsuite name="com.ata1635.cardgame.core.CardTest" tests="1" skipped="0" failures="0" errors="0" timestamp="2025-10-08T07:16:54" hostname="ata-ThinkPad-E495" time="0.103">
  <properties/>
  <testcase name="Is image path to Five of Clubs correct?" classname="com.ata1635.cardgame.core.CardTest" time="0.103"/>
  <system-out><![CDATA[]]></system-out>
  <system-err><![CDATA[]]></system-err>
</testsuite>
